{
  "RSpec": {
    "coverage": {
      "/home/alshmaryad-29218/code/labs/tic-tac-toe-rb-re-coded-000/lib/tic_tac_toe.rb": [
        1,
        null,
        null,
        null,
        null,
        null,
        null,
        null,
        null,
        null,
        null,
        1,
        11,
        15,
        null,
        null,
        11,
        5,
        6,
        2,
        null,
        null,
        null,
        1,
        23,
        23,
        23,
        23,
        23,
        null,
        null,
        1,
        21,
        null,
        null,
        1,
        55,
        null,
        372,
        null,
        null,
        null,
        null,
        1,
        128,
        null,
        null,
        1,
        22,
        null,
        null,
        1,
        18,
        null,
        null,
        1,
        18,
        18,
        18,
        1,
        null,
        18,
        18,
        null,
        null,
        1,
        125,
        null,
        null,
        null,
        1,
        19,
        null,
        null,
        1,
        200,
        null,
        null,
        1,
        21,
        null,
        null,
        1,
        7,
        6,
        null,
        null
      ]
    },
    "timestamp": 1475571974
  }
}
