{
  "RSpec": {
    "coverage": {
      "/home/alideveloper90-29009/code/labs/tic-tac-toe-rb-re-coded-000/lib/tic_tac_toe.rb": [
        null,
        1,
        20,
        20,
        20,
        20,
        20,
        null,
        null,
        1,
        18,
        18,
        18,
        null,
        null,
        null,
        null,
        1,
        19,
        19,
        17,
        16,
        1,
        null,
        2,
        null,
        null,
        null,
        1,
        16,
        16,
        16,
        null,
        16,
        15,
        15,
        null,
        1,
        null,
        null,
        null,
        null,
        1,
        null,
        12,
        13,
        null,
        12,
        6,
        6,
        3,
        null,
        null,
        null,
        null,
        null,
        null,
        null,
        null,
        null,
        null,
        null,
        1,
        1,
        1,
        1,
        0,
        null,
        null,
        null,
        null,
        1,
        2,
        2,
        18,
        5,
        null,
        null,
        2,
        null,
        null,
        null,
        null,
        null,
        1,
        136,
        107,
        29,
        0,
        29,
        29,
        null,
        null,
        null,
        null,
        1,
        null,
        1,
        53,
        291,
        null,
        null,
        null,
        null,
        null,
        1,
        97,
        7,
        9,
        null,
        null,
        null,
        null,
        null,
        1,
        23,
        null,
        null,
        1,
        17,
        4,
        13,
        6,
        null,
        7,
        null,
        null,
        null,
        1,
        8,
        null,
        7,
        19,
        2,
        null,
        5,
        null,
        null,
        null,
        null,
        null,
        null,
        null,
        1,
        1
      ]
    },
    "timestamp": 1474921013
  }
}
